This file contains any messages produced by compilers while
running configure, to aid debugging if configure makes a mistake.

It was created by configure, which was
generated by GNU Autoconf 2.59.  Invocation command line was

  $ ./configure --host=arm-apple-darwin9 --disable-x11 --enable-displaysize=424x318

## --------- ##
## Platform. ##
## --------- ##

hostname = AUNEYAU-2G335SM
uname -m = i686
uname -r = 1.7.1(0.218/5/3)
uname -s = CYGWIN_NT-6.1-WOW64
uname -v = 2009-12-07 11:48

/usr/bin/uname -p = unknown
/bin/uname -X     = unknown

/bin/arch              = i686
/usr/bin/arch -k       = unknown
/usr/convex/getsysinfo = unknown
hostinfo               = unknown
/bin/machine           = unknown
/usr/bin/oslevel       = unknown
/bin/universe          = unknown

PATH: /usr/local/bin
PATH: /usr/bin
PATH: /bin
PATH: /cygdrive/c/Windows/system32
PATH: /cygdrive/c/Windows
PATH: /cygdrive/c/Windows/System32/Wbem
PATH: /cygdrive/c/Windows/System32/WindowsPowerShell/v1.0/
PATH: /cygdrive/c/Program Files (x86)/ATI Technologies/ATI.ACE/Core-Static
PATH: /cygdrive/c/Program Files (x86)/QuickTime/QTSystem/


## ----------- ##
## Core tests. ##
## ----------- ##

configure:1347: checking for arm-apple-darwin9-gcc
configure:1363: found /usr/local/bin/arm-apple-darwin9-gcc
configure:1373: result: arm-apple-darwin9-gcc
configure:1655: checking for C compiler version
configure:1658: arm-apple-darwin9-gcc --version </dev/null >&5
arm-apple-darwin9-gcc (GCC) 4.2.1 (Based on Apple Inc. build 5555)
Copyright (C) 2007 Free Software Foundation, Inc.
This is free software; see the source for copying conditions.  There is NO
warranty; not even for MERCHANTABILITY or FITNESS FOR A PARTICULAR PURPOSE.

configure:1661: $? = 0
configure:1663: arm-apple-darwin9-gcc -v </dev/null >&5
Using built-in specs.
Target: arm-apple-darwin9
Configured with: /home/Jea/iphone-2.0-toolchain/src/gcc/configure --target=arm-apple-darwin9 --prefix=/usr/local --with-sysroot=/usr/local/iphone-sysroot --enable-languages=c,c++,objc,obj-c++ --with-as=/usr/local/bin/arm-apple-darwin9-as --with-ld=/usr/local/bin/arm-apple-darwin9-ld --enable-wchar_t=no --with-gxx-include-dir=/usr/include/c++/4.0.0
Thread model: posix
gcc version 4.2.1 (Based on Apple Inc. build 5555)
configure:1666: $? = 0
configure:1668: arm-apple-darwin9-gcc -V </dev/null >&5
arm-apple-darwin9-gcc: '-V' option must have argument
configure:1671: $? = 1
configure:1694: checking for C compiler default output file name
configure:1697: arm-apple-darwin9-gcc    conftest.c  >&5
configure:1700: $? = 0
configure:1746: result: a.out
configure:1751: checking whether the C compiler works
configure:1757: ./a.out
./a.out: ./a.out: cannot execute binary file
configure:1760: $? = 126
configure:1777: result: yes
configure:1784: checking whether we are cross compiling
configure:1786: result: yes
configure:1789: checking for suffix of executables
configure:1791: arm-apple-darwin9-gcc -o conftest    conftest.c  >&5
configure:1794: $? = 0
configure:1819: result: 
configure:1825: checking for suffix of object files
configure:1846: arm-apple-darwin9-gcc -c   conftest.c >&5
configure:1849: $? = 0
configure:1871: result: o
configure:1875: checking whether we are using the GNU C compiler
configure:1899: arm-apple-darwin9-gcc -c   conftest.c >&5
configure:1905: $? = 0
configure:1909: test -z 
			 || test ! -s conftest.err
configure:1912: $? = 0
configure:1915: test -s conftest.o
configure:1918: $? = 0
configure:1931: result: yes
configure:1937: checking whether arm-apple-darwin9-gcc accepts -g
configure:1958: arm-apple-darwin9-gcc -c -g  conftest.c >&5
configure:1964: $? = 0
configure:1968: test -z 
			 || test ! -s conftest.err
configure:1971: $? = 0
configure:1974: test -s conftest.o
configure:1977: $? = 0
configure:1988: result: yes
configure:2005: checking for arm-apple-darwin9-gcc option to accept ANSI C
configure:2075: arm-apple-darwin9-gcc  -c -g -O2  conftest.c >&5
configure:2081: $? = 0
configure:2085: test -z 
			 || test ! -s conftest.err
configure:2088: $? = 0
configure:2091: test -s conftest.o
configure:2094: $? = 0
configure:2112: result: none needed
configure:2130: arm-apple-darwin9-gcc -c -g -O2  conftest.c >&5
conftest.c:2: error: expected ‘=’, ‘,’, ‘;’, ‘asm’ or ‘__attribute__’ before ‘me’
configure:2136: $? = 1
configure: failed program was:
| #ifndef __cplusplus
|   choke me
| #endif
configure:2279: checking for arm-apple-darwin9-g++
configure:2295: found /usr/local/bin/arm-apple-darwin9-g++
configure:2305: result: arm-apple-darwin9-g++
configure:2363: checking for C++ compiler version
configure:2366: arm-apple-darwin9-g++ --version </dev/null >&5
arm-apple-darwin9-g++ (GCC) 4.2.1 (Based on Apple Inc. build 5555)
Copyright (C) 2007 Free Software Foundation, Inc.
This is free software; see the source for copying conditions.  There is NO
warranty; not even for MERCHANTABILITY or FITNESS FOR A PARTICULAR PURPOSE.

configure:2369: $? = 0
configure:2371: arm-apple-darwin9-g++ -v </dev/null >&5
Using built-in specs.
Target: arm-apple-darwin9
Configured with: /home/Jea/iphone-2.0-toolchain/src/gcc/configure --target=arm-apple-darwin9 --prefix=/usr/local --with-sysroot=/usr/local/iphone-sysroot --enable-languages=c,c++,objc,obj-c++ --with-as=/usr/local/bin/arm-apple-darwin9-as --with-ld=/usr/local/bin/arm-apple-darwin9-ld --enable-wchar_t=no --with-gxx-include-dir=/usr/include/c++/4.0.0
Thread model: posix
gcc version 4.2.1 (Based on Apple Inc. build 5555)
configure:2374: $? = 0
configure:2376: arm-apple-darwin9-g++ -V </dev/null >&5
arm-apple-darwin9-g++: '-V' option must have argument
configure:2379: $? = 1
configure:2382: checking whether we are using the GNU C++ compiler
configure:2406: arm-apple-darwin9-g++ -c   conftest.cc >&5
configure:2412: $? = 0
configure:2416: test -z 
			 || test ! -s conftest.err
configure:2419: $? = 0
configure:2422: test -s conftest.o
configure:2425: $? = 0
configure:2438: result: yes
configure:2444: checking whether arm-apple-darwin9-g++ accepts -g
configure:2465: arm-apple-darwin9-g++ -c -g  conftest.cc >&5
configure:2471: $? = 0
configure:2475: test -z 
			 || test ! -s conftest.err
configure:2478: $? = 0
configure:2481: test -s conftest.o
configure:2484: $? = 0
configure:2495: result: yes
configure:2537: arm-apple-darwin9-g++ -c -g -O2  conftest.cc >&5
configure:2543: $? = 0
configure:2547: test -z 
			 || test ! -s conftest.err
configure:2550: $? = 0
configure:2553: test -s conftest.o
configure:2556: $? = 0
configure:2582: arm-apple-darwin9-g++ -c -g -O2  conftest.cc >&5
conftest.cc: In function ‘int main()’:
conftest.cc:13: error: ‘exit’ was not declared in this scope
configure:2588: $? = 1
configure: failed program was:
| /* confdefs.h.  */
| 
| #define PACKAGE_NAME ""
| #define PACKAGE_TARNAME ""
| #define PACKAGE_VERSION ""
| #define PACKAGE_STRING ""
| #define PACKAGE_BUGREPORT ""
| /* end confdefs.h.  */
| 
| int
| main ()
| {
| exit (42);
|   ;
|   return 0;
| }
configure:2537: arm-apple-darwin9-g++ -c -g -O2  conftest.cc >&5
conftest.cc:9: error: ‘void std::exit(int)’ should have been declared inside ‘std’
In file included from conftest.cc:10:
/usr/local/iphone-sysroot/usr/include/stdlib.h:159: error: declaration of ‘void std::exit(int)’ throws different exceptions
conftest.cc:9: error: from previous declaration ‘void std::exit(int) throw ()’
configure:2543: $? = 1
configure: failed program was:
| /* confdefs.h.  */
| 
| #define PACKAGE_NAME ""
| #define PACKAGE_TARNAME ""
| #define PACKAGE_VERSION ""
| #define PACKAGE_STRING ""
| #define PACKAGE_BUGREPORT ""
| /* end confdefs.h.  */
| extern "C" void std::exit (int) throw (); using std::exit;
| #include <stdlib.h>
| int
| main ()
| {
| exit (42);
|   ;
|   return 0;
| }
configure:2537: arm-apple-darwin9-g++ -c -g -O2  conftest.cc >&5
conftest.cc:9: error: ‘void std::exit(int)’ should have been declared inside ‘std’
configure:2543: $? = 1
configure: failed program was:
| /* confdefs.h.  */
| 
| #define PACKAGE_NAME ""
| #define PACKAGE_TARNAME ""
| #define PACKAGE_VERSION ""
| #define PACKAGE_STRING ""
| #define PACKAGE_BUGREPORT ""
| /* end confdefs.h.  */
| extern "C" void std::exit (int); using std::exit;
| #include <stdlib.h>
| int
| main ()
| {
| exit (42);
|   ;
|   return 0;
| }
configure:2537: arm-apple-darwin9-g++ -c -g -O2  conftest.cc >&5
In file included from conftest.cc:10:
/usr/local/iphone-sysroot/usr/include/stdlib.h:159: error: declaration of ‘void exit(int)’ throws different exceptions
conftest.cc:9: error: from previous declaration ‘void exit(int) throw ()’
configure:2543: $? = 1
configure: failed program was:
| /* confdefs.h.  */
| 
| #define PACKAGE_NAME ""
| #define PACKAGE_TARNAME ""
| #define PACKAGE_VERSION ""
| #define PACKAGE_STRING ""
| #define PACKAGE_BUGREPORT ""
| /* end confdefs.h.  */
| extern "C" void exit (int) throw ();
| #include <stdlib.h>
| int
| main ()
| {
| exit (42);
|   ;
|   return 0;
| }
configure:2537: arm-apple-darwin9-g++ -c -g -O2  conftest.cc >&5
configure:2543: $? = 0
configure:2547: test -z 
			 || test ! -s conftest.err
configure:2550: $? = 0
configure:2553: test -s conftest.o
configure:2556: $? = 0
configure:2582: arm-apple-darwin9-g++ -c -g -O2  conftest.cc >&5
configure:2588: $? = 0
configure:2592: test -z 
			 || test ! -s conftest.err
configure:2595: $? = 0
configure:2598: test -s conftest.o
configure:2601: $? = 0
configure:2624: checking whether ln -s works
configure:2628: result: yes
configure:2638: checking for arm-apple-darwin9-ranlib
configure:2654: found /usr/local/bin/arm-apple-darwin9-ranlib
configure:2664: result: arm-apple-darwin9-ranlib
configure:2715: checking whether make sets $(MAKE)
configure:2735: result: yes
configure:2755: checking for dirent.h that defines DIR
configure:2779: arm-apple-darwin9-gcc -c -g -O2  conftest.c >&5
configure:2785: $? = 0
configure:2789: test -z 
			 || test ! -s conftest.err
configure:2792: $? = 0
configure:2795: test -s conftest.o
configure:2798: $? = 0
configure:2809: result: yes
configure:2822: checking for library containing opendir
configure:2852: arm-apple-darwin9-gcc -o conftest -g -O2   conftest.c  >&5
configure:2858: $? = 0
configure:2862: test -z 
			 || test ! -s conftest.err
configure:2865: $? = 0
configure:2868: test -s conftest
configure:2871: $? = 0
configure:2941: result: none required
configure:3082: checking how to run the C preprocessor
configure:3117: arm-apple-darwin9-gcc -E  conftest.c
configure:3123: $? = 0
configure:3155: arm-apple-darwin9-gcc -E  conftest.c
conftest.c:13:28: error: ac_nonexistent.h: No such file or directory
configure:3161: $? = 1
configure: failed program was:
| /* confdefs.h.  */
| 
| #define PACKAGE_NAME ""
| #define PACKAGE_TARNAME ""
| #define PACKAGE_VERSION ""
| #define PACKAGE_STRING ""
| #define PACKAGE_BUGREPORT ""
| #ifdef __cplusplus
| extern "C" void exit (int);
| #endif
| #define HAVE_DIRENT_H 1
| /* end confdefs.h.  */
| #include <ac_nonexistent.h>
configure:3200: result: arm-apple-darwin9-gcc -E
configure:3224: arm-apple-darwin9-gcc -E  conftest.c
configure:3230: $? = 0
configure:3262: arm-apple-darwin9-gcc -E  conftest.c
conftest.c:13:28: error: ac_nonexistent.h: No such file or directory
configure:3268: $? = 1
configure: failed program was:
| /* confdefs.h.  */
| 
| #define PACKAGE_NAME ""
| #define PACKAGE_TARNAME ""
| #define PACKAGE_VERSION ""
| #define PACKAGE_STRING ""
| #define PACKAGE_BUGREPORT ""
| #ifdef __cplusplus
| extern "C" void exit (int);
| #endif
| #define HAVE_DIRENT_H 1
| /* end confdefs.h.  */
| #include <ac_nonexistent.h>
configure:3312: checking for egrep
configure:3322: result: grep -E
configure:3327: checking for ANSI C header files
configure:3352: arm-apple-darwin9-gcc -c -g -O2  conftest.c >&5
configure:3358: $? = 0
configure:3362: test -z 
			 || test ! -s conftest.err
configure:3365: $? = 0
configure:3368: test -s conftest.o
configure:3371: $? = 0
configure:3483: result: yes
configure:3507: checking for sys/types.h
configure:3523: arm-apple-darwin9-gcc -c -g -O2  conftest.c >&5
configure:3529: $? = 0
configure:3533: test -z 
			 || test ! -s conftest.err
configure:3536: $? = 0
configure:3539: test -s conftest.o
configure:3542: $? = 0
configure:3553: result: yes
configure:3507: checking for sys/stat.h
configure:3523: arm-apple-darwin9-gcc -c -g -O2  conftest.c >&5
configure:3529: $? = 0
configure:3533: test -z 
			 || test ! -s conftest.err
configure:3536: $? = 0
configure:3539: test -s conftest.o
configure:3542: $? = 0
configure:3553: result: yes
configure:3507: checking for stdlib.h
configure:3523: arm-apple-darwin9-gcc -c -g -O2  conftest.c >&5
configure:3529: $? = 0
configure:3533: test -z 
			 || test ! -s conftest.err
configure:3536: $? = 0
configure:3539: test -s conftest.o
configure:3542: $? = 0
configure:3553: result: yes
configure:3507: checking for string.h
configure:3523: arm-apple-darwin9-gcc -c -g -O2  conftest.c >&5
configure:3529: $? = 0
configure:3533: test -z 
			 || test ! -s conftest.err
configure:3536: $? = 0
configure:3539: test -s conftest.o
configure:3542: $? = 0
configure:3553: result: yes
configure:3507: checking for memory.h
configure:3523: arm-apple-darwin9-gcc -c -g -O2  conftest.c >&5
configure:3529: $? = 0
configure:3533: test -z 
			 || test ! -s conftest.err
configure:3536: $? = 0
configure:3539: test -s conftest.o
configure:3542: $? = 0
configure:3553: result: yes
configure:3507: checking for strings.h
configure:3523: arm-apple-darwin9-gcc -c -g -O2  conftest.c >&5
configure:3529: $? = 0
configure:3533: test -z 
			 || test ! -s conftest.err
configure:3536: $? = 0
configure:3539: test -s conftest.o
configure:3542: $? = 0
configure:3553: result: yes
configure:3507: checking for inttypes.h
configure:3523: arm-apple-darwin9-gcc -c -g -O2  conftest.c >&5
configure:3529: $? = 0
configure:3533: test -z 
			 || test ! -s conftest.err
configure:3536: $? = 0
configure:3539: test -s conftest.o
configure:3542: $? = 0
configure:3553: result: yes
configure:3507: checking for stdint.h
configure:3523: arm-apple-darwin9-gcc -c -g -O2  conftest.c >&5
configure:3529: $? = 0
configure:3533: test -z 
			 || test ! -s conftest.err
configure:3536: $? = 0
configure:3539: test -s conftest.o
configure:3542: $? = 0
configure:3553: result: yes
configure:3507: checking for unistd.h
configure:3523: arm-apple-darwin9-gcc -c -g -O2  conftest.c >&5
configure:3529: $? = 0
configure:3533: test -z 
			 || test ! -s conftest.err
configure:3536: $? = 0
configure:3539: test -s conftest.o
configure:3542: $? = 0
configure:3553: result: yes
configure:3582: checking fcntl.h usability
configure:3594: arm-apple-darwin9-gcc -c -g -O2  conftest.c >&5
configure:3600: $? = 0
configure:3604: test -z 
			 || test ! -s conftest.err
configure:3607: $? = 0
configure:3610: test -s conftest.o
configure:3613: $? = 0
configure:3623: result: yes
configure:3627: checking fcntl.h presence
configure:3637: arm-apple-darwin9-gcc -E  conftest.c
configure:3643: $? = 0
configure:3663: result: yes
configure:3698: checking for fcntl.h
configure:3705: result: yes
configure:3582: checking sys/ioctl.h usability
configure:3594: arm-apple-darwin9-gcc -c -g -O2  conftest.c >&5
configure:3600: $? = 0
configure:3604: test -z 
			 || test ! -s conftest.err
configure:3607: $? = 0
configure:3610: test -s conftest.o
configure:3613: $? = 0
configure:3623: result: yes
configure:3627: checking sys/ioctl.h presence
configure:3637: arm-apple-darwin9-gcc -E  conftest.c
configure:3643: $? = 0
configure:3663: result: yes
configure:3698: checking for sys/ioctl.h
configure:3705: result: yes
configure:3582: checking sys/time.h usability
configure:3594: arm-apple-darwin9-gcc -c -g -O2  conftest.c >&5
configure:3600: $? = 0
configure:3604: test -z 
			 || test ! -s conftest.err
configure:3607: $? = 0
configure:3610: test -s conftest.o
configure:3613: $? = 0
configure:3623: result: yes
configure:3627: checking sys/time.h presence
configure:3637: arm-apple-darwin9-gcc -E  conftest.c
configure:3643: $? = 0
configure:3663: result: yes
configure:3698: checking for sys/time.h
configure:3705: result: yes
configure:3573: checking for unistd.h
configure:3578: result: yes
configure:3719: checking for an ANSI C-conforming const
configure:3786: arm-apple-darwin9-gcc -c -g -O2  conftest.c >&5
configure:3792: $? = 0
configure:3796: test -z 
			 || test ! -s conftest.err
configure:3799: $? = 0
configure:3802: test -s conftest.o
configure:3805: $? = 0
configure:3816: result: yes
configure:3826: checking for size_t
configure:3850: arm-apple-darwin9-gcc -c -g -O2  conftest.c >&5
configure:3856: $? = 0
configure:3860: test -z 
			 || test ! -s conftest.err
configure:3863: $? = 0
configure:3866: test -s conftest.o
configure:3869: $? = 0
configure:3880: result: yes
configure:3892: checking whether time.h and sys/time.h may both be included
configure:3917: arm-apple-darwin9-gcc -c -g -O2  conftest.c >&5
configure:3923: $? = 0
configure:3927: test -z 
			 || test ! -s conftest.err
configure:3930: $? = 0
configure:3933: test -s conftest.o
configure:3936: $? = 0
configure:3947: result: yes
configure:3957: checking whether struct tm is in sys/time.h or time.h
configure:3980: arm-apple-darwin9-gcc -c -g -O2  conftest.c >&5
configure:3986: $? = 0
configure:3990: test -z 
			 || test ! -s conftest.err
configure:3993: $? = 0
configure:3996: test -s conftest.o
configure:3999: $? = 0
configure:4010: result: time.h
configure:4025: checking whether arm-apple-darwin9-gcc needs -traditional
conftest.c:28:20: error: termio.h: No such file or directory
configure:4067: result: no
configure:4074: checking for working memcmp
configure:4144: result: no
configure:4161: checking for stdlib.h
configure:4166: result: yes
configure:4161: checking for unistd.h
configure:4166: result: yes
configure:4310: checking for getpagesize
configure:4367: arm-apple-darwin9-gcc -o conftest -g -O2   conftest.c  >&5
configure:4373: $? = 0
configure:4377: test -z 
			 || test ! -s conftest.err
configure:4380: $? = 0
configure:4383: test -s conftest
configure:4386: $? = 0
configure:4398: result: yes
configure:4408: checking for working mmap
configure:4572: result: no
configure:4583: checking return type of signal handlers
configure:4614: arm-apple-darwin9-gcc -c -g -O2  conftest.c >&5
configure:4620: $? = 0
configure:4624: test -z 
			 || test ! -s conftest.err
configure:4627: $? = 0
configure:4630: test -s conftest.o
configure:4633: $? = 0
configure:4644: result: void
configure:4658: checking for gettimeofday
configure:4715: arm-apple-darwin9-gcc -o conftest -g -O2   conftest.c  >&5
configure:4721: $? = 0
configure:4725: test -z 
			 || test ! -s conftest.err
configure:4728: $? = 0
configure:4731: test -s conftest
configure:4734: $? = 0
configure:4746: result: yes
configure:4658: checking for mkdir
configure:4715: arm-apple-darwin9-gcc -o conftest -g -O2   conftest.c  >&5
configure:4721: $? = 0
configure:4725: test -z 
			 || test ! -s conftest.err
configure:4728: $? = 0
configure:4731: test -s conftest
configure:4734: $? = 0
configure:4746: result: yes
configure:4658: checking for snprintf
configure:4715: arm-apple-darwin9-gcc -o conftest -g -O2   conftest.c  >&5
conftest.c:58: warning: conflicting types for built-in function ‘snprintf’
configure:4721: $? = 0
configure:4725: test -z 
			 || test ! -s conftest.err
configure:4728: $? = 0
configure:4731: test -s conftest
configure:4734: $? = 0
configure:4746: result: yes
configure:4760: checking whether byte ordering is bigendian
configure:4787: arm-apple-darwin9-gcc -c -g -O2  conftest.c >&5
configure:4793: $? = 0
configure:4797: test -z 
			 || test ! -s conftest.err
configure:4800: $? = 0
configure:4803: test -s conftest.o
configure:4806: $? = 0
configure:4830: arm-apple-darwin9-gcc -c -g -O2  conftest.c >&5
conftest.c: In function ‘main’:
conftest.c:42: error: ‘not’ undeclared (first use in this function)
conftest.c:42: error: (Each undeclared identifier is reported only once
conftest.c:42: error: for each function it appears in.)
conftest.c:42: error: expected ‘;’ before ‘big’
configure:4836: $? = 1
configure: failed program was:
| /* confdefs.h.  */
| 
| #define PACKAGE_NAME ""
| #define PACKAGE_TARNAME ""
| #define PACKAGE_VERSION ""
| #define PACKAGE_STRING ""
| #define PACKAGE_BUGREPORT ""
| #ifdef __cplusplus
| extern "C" void exit (int);
| #endif
| #define HAVE_DIRENT_H 1
| #define STDC_HEADERS 1
| #define HAVE_SYS_TYPES_H 1
| #define HAVE_SYS_STAT_H 1
| #define HAVE_STDLIB_H 1
| #define HAVE_STRING_H 1
| #define HAVE_MEMORY_H 1
| #define HAVE_STRINGS_H 1
| #define HAVE_INTTYPES_H 1
| #define HAVE_STDINT_H 1
| #define HAVE_UNISTD_H 1
| #define HAVE_FCNTL_H 1
| #define HAVE_SYS_IOCTL_H 1
| #define HAVE_SYS_TIME_H 1
| #define HAVE_UNISTD_H 1
| #define TIME_WITH_SYS_TIME 1
| #define HAVE_STDLIB_H 1
| #define HAVE_UNISTD_H 1
| #define HAVE_GETPAGESIZE 1
| #define RETSIGTYPE void
| #define HAVE_GETTIMEOFDAY 1
| #define HAVE_MKDIR 1
| #define HAVE_SNPRINTF 1
| /* end confdefs.h.  */
| #include <sys/types.h>
| #include <sys/param.h>
| 
| int
| main ()
| {
| #if BYTE_ORDER != BIG_ENDIAN
|  not big endian
| #endif
| 
|   ;
|   return 0;
| }
configure:4971: result: no
configure:4991: checking for gettext
configure:5048: arm-apple-darwin9-gcc -o conftest -g -O2   conftest.c  >&5
conftest.c:59: warning: conflicting types for built-in function ‘gettext’
/usr/local/bin/arm-apple-darwin9-ld: Undefined symbols:
_gettext
collect2: ld returned 1 exit status
configure:5054: $? = 1
configure: failed program was:
| /* confdefs.h.  */
| 
| #define PACKAGE_NAME ""
| #define PACKAGE_TARNAME ""
| #define PACKAGE_VERSION ""
| #define PACKAGE_STRING ""
| #define PACKAGE_BUGREPORT ""
| #ifdef __cplusplus
| extern "C" void exit (int);
| #endif
| #define HAVE_DIRENT_H 1
| #define STDC_HEADERS 1
| #define HAVE_SYS_TYPES_H 1
| #define HAVE_SYS_STAT_H 1
| #define HAVE_STDLIB_H 1
| #define HAVE_STRING_H 1
| #define HAVE_MEMORY_H 1
| #define HAVE_STRINGS_H 1
| #define HAVE_INTTYPES_H 1
| #define HAVE_STDINT_H 1
| #define HAVE_UNISTD_H 1
| #define HAVE_FCNTL_H 1
| #define HAVE_SYS_IOCTL_H 1
| #define HAVE_SYS_TIME_H 1
| #define HAVE_UNISTD_H 1
| #define TIME_WITH_SYS_TIME 1
| #define HAVE_STDLIB_H 1
| #define HAVE_UNISTD_H 1
| #define HAVE_GETPAGESIZE 1
| #define RETSIGTYPE void
| #define HAVE_GETTIMEOFDAY 1
| #define HAVE_MKDIR 1
| #define HAVE_SNPRINTF 1
| /* end confdefs.h.  */
| /* Define gettext to an innocuous variant, in case <limits.h> declares gettext.
|    For example, HP-UX 11i <limits.h> declares gettimeofday.  */
| #define gettext innocuous_gettext
| 
| /* System header to define __stub macros and hopefully few prototypes,
|     which can conflict with char gettext (); below.
|     Prefer <limits.h> to <assert.h> if __STDC__ is defined, since
|     <limits.h> exists even on freestanding compilers.  */
| 
| #ifdef __STDC__
| # include <limits.h>
| #else
| # include <assert.h>
| #endif
| 
| #undef gettext
| 
| /* Override any gcc2 internal prototype to avoid an error.  */
| #ifdef __cplusplus
| extern "C"
| {
| #endif
| /* We use char because int might match the return type of a gcc2
|    builtin and then its argument prototype would still apply.  */
| char gettext ();
| /* The GNU C library defines this for functions which it implements
|     to always fail with ENOSYS.  Some functions are actually named
|     something starting with __ and the normal name is an alias.  */
| #if defined (__stub_gettext) || defined (__stub___gettext)
| choke me
| #else
| char (*f) () = gettext;
| #endif
| #ifdef __cplusplus
| }
| #endif
| 
| int
| main ()
| {
| return f != gettext;
|   ;
|   return 0;
| }
configure:5079: result: no
configure:5085: checking for gettext in -lintl
configure:5115: arm-apple-darwin9-gcc -o conftest -g -O2   conftest.c -lintl   >&5
conftest.c:42: warning: conflicting types for built-in function ‘gettext’
/usr/local/bin/arm-apple-darwin9-ld: can't locate file for: -lintl
collect2: ld returned 1 exit status
configure:5121: $? = 1
configure: failed program was:
| /* confdefs.h.  */
| 
| #define PACKAGE_NAME ""
| #define PACKAGE_TARNAME ""
| #define PACKAGE_VERSION ""
| #define PACKAGE_STRING ""
| #define PACKAGE_BUGREPORT ""
| #ifdef __cplusplus
| extern "C" void exit (int);
| #endif
| #define HAVE_DIRENT_H 1
| #define STDC_HEADERS 1
| #define HAVE_SYS_TYPES_H 1
| #define HAVE_SYS_STAT_H 1
| #define HAVE_STDLIB_H 1
| #define HAVE_STRING_H 1
| #define HAVE_MEMORY_H 1
| #define HAVE_STRINGS_H 1
| #define HAVE_INTTYPES_H 1
| #define HAVE_STDINT_H 1
| #define HAVE_UNISTD_H 1
| #define HAVE_FCNTL_H 1
| #define HAVE_SYS_IOCTL_H 1
| #define HAVE_SYS_TIME_H 1
| #define HAVE_UNISTD_H 1
| #define TIME_WITH_SYS_TIME 1
| #define HAVE_STDLIB_H 1
| #define HAVE_UNISTD_H 1
| #define HAVE_GETPAGESIZE 1
| #define RETSIGTYPE void
| #define HAVE_GETTIMEOFDAY 1
| #define HAVE_MKDIR 1
| #define HAVE_SNPRINTF 1
| /* end confdefs.h.  */
| 
| /* Override any gcc2 internal prototype to avoid an error.  */
| #ifdef __cplusplus
| extern "C"
| #endif
| /* We use char because int might match the return type of a gcc2
|    builtin and then its argument prototype would still apply.  */
| char gettext ();
| int
| main ()
| {
| gettext ();
|   ;
|   return 0;
| }
configure:5147: result: no
configure:5163: checking for zlibVersion in -lz
configure:5193: arm-apple-darwin9-gcc -o conftest -g -O2   conftest.c -lz   >&5
configure:5199: $? = 0
configure:5203: test -z 
			 || test ! -s conftest.err
configure:5206: $? = 0
configure:5209: test -s conftest
configure:5212: $? = 0
configure:5225: result: yes
configure:5237: checking for png_write_end in -lpng
configure:5267: arm-apple-darwin9-gcc -o conftest -g -O2   conftest.c -lpng  -lz  >&5
/usr/local/bin/arm-apple-darwin9-ld: can't locate file for: -lpng
collect2: ld returned 1 exit status
configure:5273: $? = 1
configure: failed program was:
| /* confdefs.h.  */
| 
| #define PACKAGE_NAME ""
| #define PACKAGE_TARNAME ""
| #define PACKAGE_VERSION ""
| #define PACKAGE_STRING ""
| #define PACKAGE_BUGREPORT ""
| #ifdef __cplusplus
| extern "C" void exit (int);
| #endif
| #define HAVE_DIRENT_H 1
| #define STDC_HEADERS 1
| #define HAVE_SYS_TYPES_H 1
| #define HAVE_SYS_STAT_H 1
| #define HAVE_STDLIB_H 1
| #define HAVE_STRING_H 1
| #define HAVE_MEMORY_H 1
| #define HAVE_STRINGS_H 1
| #define HAVE_INTTYPES_H 1
| #define HAVE_STDINT_H 1
| #define HAVE_UNISTD_H 1
| #define HAVE_FCNTL_H 1
| #define HAVE_SYS_IOCTL_H 1
| #define HAVE_SYS_TIME_H 1
| #define HAVE_UNISTD_H 1
| #define TIME_WITH_SYS_TIME 1
| #define HAVE_STDLIB_H 1
| #define HAVE_UNISTD_H 1
| #define HAVE_GETPAGESIZE 1
| #define RETSIGTYPE void
| #define HAVE_GETTIMEOFDAY 1
| #define HAVE_MKDIR 1
| #define HAVE_SNPRINTF 1
| #define HAVE_LIBZ 1
| /* end confdefs.h.  */
| 
| /* Override any gcc2 internal prototype to avoid an error.  */
| #ifdef __cplusplus
| extern "C"
| #endif
| /* We use char because int might match the return type of a gcc2
|    builtin and then its argument prototype would still apply.  */
| char png_write_end ();
| int
| main ()
| {
| png_write_end ();
|   ;
|   return 0;
| }
configure:5299: result: no
configure:5311: checking for jpeg_start_decompress in -ljpeg
configure:5341: arm-apple-darwin9-gcc -o conftest -g -O2   conftest.c -ljpeg  -lz  >&5
/usr/local/bin/arm-apple-darwin9-ld: can't locate file for: -ljpeg
collect2: ld returned 1 exit status
configure:5347: $? = 1
configure: failed program was:
| /* confdefs.h.  */
| 
| #define PACKAGE_NAME ""
| #define PACKAGE_TARNAME ""
| #define PACKAGE_VERSION ""
| #define PACKAGE_STRING ""
| #define PACKAGE_BUGREPORT ""
| #ifdef __cplusplus
| extern "C" void exit (int);
| #endif
| #define HAVE_DIRENT_H 1
| #define STDC_HEADERS 1
| #define HAVE_SYS_TYPES_H 1
| #define HAVE_SYS_STAT_H 1
| #define HAVE_STDLIB_H 1
| #define HAVE_STRING_H 1
| #define HAVE_MEMORY_H 1
| #define HAVE_STRINGS_H 1
| #define HAVE_INTTYPES_H 1
| #define HAVE_STDINT_H 1
| #define HAVE_UNISTD_H 1
| #define HAVE_FCNTL_H 1
| #define HAVE_SYS_IOCTL_H 1
| #define HAVE_SYS_TIME_H 1
| #define HAVE_UNISTD_H 1
| #define TIME_WITH_SYS_TIME 1
| #define HAVE_STDLIB_H 1
| #define HAVE_UNISTD_H 1
| #define HAVE_GETPAGESIZE 1
| #define RETSIGTYPE void
| #define HAVE_GETTIMEOFDAY 1
| #define HAVE_MKDIR 1
| #define HAVE_SNPRINTF 1
| #define HAVE_LIBZ 1
| /* end confdefs.h.  */
| 
| /* Override any gcc2 internal prototype to avoid an error.  */
| #ifdef __cplusplus
| extern "C"
| #endif
| /* We use char because int might match the return type of a gcc2
|    builtin and then its argument prototype would still apply.  */
| char jpeg_start_decompress ();
| int
| main ()
| {
| jpeg_start_decompress ();
|   ;
|   return 0;
| }
configure:5373: result: no
configure:5390: checking for ogg_stream_init in -logg
configure:5420: arm-apple-darwin9-gcc -o conftest -g -O2   conftest.c -logg  -lz  >&5
/usr/local/bin/arm-apple-darwin9-ld: can't locate file for: -logg
collect2: ld returned 1 exit status
configure:5426: $? = 1
configure: failed program was:
| /* confdefs.h.  */
| 
| #define PACKAGE_NAME ""
| #define PACKAGE_TARNAME ""
| #define PACKAGE_VERSION ""
| #define PACKAGE_STRING ""
| #define PACKAGE_BUGREPORT ""
| #ifdef __cplusplus
| extern "C" void exit (int);
| #endif
| #define HAVE_DIRENT_H 1
| #define STDC_HEADERS 1
| #define HAVE_SYS_TYPES_H 1
| #define HAVE_SYS_STAT_H 1
| #define HAVE_STDLIB_H 1
| #define HAVE_STRING_H 1
| #define HAVE_MEMORY_H 1
| #define HAVE_STRINGS_H 1
| #define HAVE_INTTYPES_H 1
| #define HAVE_STDINT_H 1
| #define HAVE_UNISTD_H 1
| #define HAVE_FCNTL_H 1
| #define HAVE_SYS_IOCTL_H 1
| #define HAVE_SYS_TIME_H 1
| #define HAVE_UNISTD_H 1
| #define TIME_WITH_SYS_TIME 1
| #define HAVE_STDLIB_H 1
| #define HAVE_UNISTD_H 1
| #define HAVE_GETPAGESIZE 1
| #define RETSIGTYPE void
| #define HAVE_GETTIMEOFDAY 1
| #define HAVE_MKDIR 1
| #define HAVE_SNPRINTF 1
| #define HAVE_LIBZ 1
| /* end confdefs.h.  */
| 
| /* Override any gcc2 internal prototype to avoid an error.  */
| #ifdef __cplusplus
| extern "C"
| #endif
| /* We use char because int might match the return type of a gcc2
|    builtin and then its argument prototype would still apply.  */
| char ogg_stream_init ();
| int
| main ()
| {
| ogg_stream_init ();
|   ;
|   return 0;
| }
configure:5452: result: no
configure:5464: checking for vorbis_book_decode in -lvorbis
configure:5494: arm-apple-darwin9-gcc -o conftest -g -O2   conftest.c -lvorbis -logg -lz  >&5
/usr/local/bin/arm-apple-darwin9-ld: can't locate file for: -lvorbis
collect2: ld returned 1 exit status
configure:5500: $? = 1
configure: failed program was:
| /* confdefs.h.  */
| 
| #define PACKAGE_NAME ""
| #define PACKAGE_TARNAME ""
| #define PACKAGE_VERSION ""
| #define PACKAGE_STRING ""
| #define PACKAGE_BUGREPORT ""
| #ifdef __cplusplus
| extern "C" void exit (int);
| #endif
| #define HAVE_DIRENT_H 1
| #define STDC_HEADERS 1
| #define HAVE_SYS_TYPES_H 1
| #define HAVE_SYS_STAT_H 1
| #define HAVE_STDLIB_H 1
| #define HAVE_STRING_H 1
| #define HAVE_MEMORY_H 1
| #define HAVE_STRINGS_H 1
| #define HAVE_INTTYPES_H 1
| #define HAVE_STDINT_H 1
| #define HAVE_UNISTD_H 1
| #define HAVE_FCNTL_H 1
| #define HAVE_SYS_IOCTL_H 1
| #define HAVE_SYS_TIME_H 1
| #define HAVE_UNISTD_H 1
| #define TIME_WITH_SYS_TIME 1
| #define HAVE_STDLIB_H 1
| #define HAVE_UNISTD_H 1
| #define HAVE_GETPAGESIZE 1
| #define RETSIGTYPE void
| #define HAVE_GETTIMEOFDAY 1
| #define HAVE_MKDIR 1
| #define HAVE_SNPRINTF 1
| #define HAVE_LIBZ 1
| /* end confdefs.h.  */
| 
| /* Override any gcc2 internal prototype to avoid an error.  */
| #ifdef __cplusplus
| extern "C"
| #endif
| /* We use char because int might match the return type of a gcc2
|    builtin and then its argument prototype would still apply.  */
| char vorbis_book_decode ();
| int
| main ()
| {
| vorbis_book_decode ();
|   ;
|   return 0;
| }
configure:5526: result: no
configure:5614: checking for ov_read in -lvorbisfile
configure:5644: arm-apple-darwin9-gcc -o conftest -g -O2   conftest.c -lvorbisfile -logg -lvorbis -lz  >&5
/usr/local/bin/arm-apple-darwin9-ld: can't locate file for: -lvorbisfile
collect2: ld returned 1 exit status
configure:5650: $? = 1
configure: failed program was:
| /* confdefs.h.  */
| 
| #define PACKAGE_NAME ""
| #define PACKAGE_TARNAME ""
| #define PACKAGE_VERSION ""
| #define PACKAGE_STRING ""
| #define PACKAGE_BUGREPORT ""
| #ifdef __cplusplus
| extern "C" void exit (int);
| #endif
| #define HAVE_DIRENT_H 1
| #define STDC_HEADERS 1
| #define HAVE_SYS_TYPES_H 1
| #define HAVE_SYS_STAT_H 1
| #define HAVE_STDLIB_H 1
| #define HAVE_STRING_H 1
| #define HAVE_MEMORY_H 1
| #define HAVE_STRINGS_H 1
| #define HAVE_INTTYPES_H 1
| #define HAVE_STDINT_H 1
| #define HAVE_UNISTD_H 1
| #define HAVE_FCNTL_H 1
| #define HAVE_SYS_IOCTL_H 1
| #define HAVE_SYS_TIME_H 1
| #define HAVE_UNISTD_H 1
| #define TIME_WITH_SYS_TIME 1
| #define HAVE_STDLIB_H 1
| #define HAVE_UNISTD_H 1
| #define HAVE_GETPAGESIZE 1
| #define RETSIGTYPE void
| #define HAVE_GETTIMEOFDAY 1
| #define HAVE_MKDIR 1
| #define HAVE_SNPRINTF 1
| #define HAVE_LIBZ 1
| /* end confdefs.h.  */
| 
| /* Override any gcc2 internal prototype to avoid an error.  */
| #ifdef __cplusplus
| extern "C"
| #endif
| /* We use char because int might match the return type of a gcc2
|    builtin and then its argument prototype would still apply.  */
| char ov_read ();
| int
| main ()
| {
| ov_read ();
|   ;
|   return 0;
| }
configure:5676: result: no
configure:5720: checking build system type
configure:5738: result: i686-pc-cygwin
configure:5746: checking host system type
configure:5760: result: arm-apple-darwin9
configure:5768: checking target system type
configure:5782: result: arm-apple-darwin9
configure:5837: checking for sdl-config
configure:5855: found /usr/local/bin/sdl-config
configure:5868: result: /usr/local/bin/sdl-config
configure:5876: checking for SDL - version >= 0.11.0
configure:5992: result: yes
configure:6129: checking for smpeg-config
configure:6147: found /usr/local/bin/smpeg-config
configure:6160: result: /usr/local/bin/smpeg-config
configure:6168: checking for SMPEG - version >= 0.2.7
configure:6286: result: yes
configure:6390: checking for mad_decoder_run in -lmad
configure:6420: arm-apple-darwin9-gcc -o conftest -g -O2   conftest.c -lmad  -lz  >&5
/usr/local/bin/arm-apple-darwin9-ld: can't locate file for: -lmad
collect2: ld returned 1 exit status
configure:6426: $? = 1
configure: failed program was:
| /* confdefs.h.  */
| 
| #define PACKAGE_NAME ""
| #define PACKAGE_TARNAME ""
| #define PACKAGE_VERSION ""
| #define PACKAGE_STRING ""
| #define PACKAGE_BUGREPORT ""
| #ifdef __cplusplus
| extern "C" void exit (int);
| #endif
| #define HAVE_DIRENT_H 1
| #define STDC_HEADERS 1
| #define HAVE_SYS_TYPES_H 1
| #define HAVE_SYS_STAT_H 1
| #define HAVE_STDLIB_H 1
| #define HAVE_STRING_H 1
| #define HAVE_MEMORY_H 1
| #define HAVE_STRINGS_H 1
| #define HAVE_INTTYPES_H 1
| #define HAVE_STDINT_H 1
| #define HAVE_UNISTD_H 1
| #define HAVE_FCNTL_H 1
| #define HAVE_SYS_IOCTL_H 1
| #define HAVE_SYS_TIME_H 1
| #define HAVE_UNISTD_H 1
| #define TIME_WITH_SYS_TIME 1
| #define HAVE_STDLIB_H 1
| #define HAVE_UNISTD_H 1
| #define HAVE_GETPAGESIZE 1
| #define RETSIGTYPE void
| #define HAVE_GETTIMEOFDAY 1
| #define HAVE_MKDIR 1
| #define HAVE_SNPRINTF 1
| #define HAVE_LIBZ 1
| /* end confdefs.h.  */
| 
| /* Override any gcc2 internal prototype to avoid an error.  */
| #ifdef __cplusplus
| extern "C"
| #endif
| /* We use char because int might match the return type of a gcc2
|    builtin and then its argument prototype would still apply.  */
| char mad_decoder_run ();
| int
| main ()
| {
| mad_decoder_run ();
|   ;
|   return 0;
| }
configure:6452: result: no
configure:6515: checking for freetype-config
configure:6533: found /usr/local/bin/freetype-config
configure:6546: result: /usr/local/bin/freetype-config
configure:6555: checking for FreeType -- version >= 7.0.1
configure:6670: result: yes
configure:6759: checking for X
configure:6864: arm-apple-darwin9-gcc -E  conftest.c
conftest.c:37:27: error: X11/Intrinsic.h: No such file or directory
configure:6870: $? = 1
configure: failed program was:
| /* confdefs.h.  */
| 
| #define PACKAGE_NAME ""
| #define PACKAGE_TARNAME ""
| #define PACKAGE_VERSION ""
| #define PACKAGE_STRING ""
| #define PACKAGE_BUGREPORT ""
| #ifdef __cplusplus
| extern "C" void exit (int);
| #endif
| #define HAVE_DIRENT_H 1
| #define STDC_HEADERS 1
| #define HAVE_SYS_TYPES_H 1
| #define HAVE_SYS_STAT_H 1
| #define HAVE_STDLIB_H 1
| #define HAVE_STRING_H 1
| #define HAVE_MEMORY_H 1
| #define HAVE_STRINGS_H 1
| #define HAVE_INTTYPES_H 1
| #define HAVE_STDINT_H 1
| #define HAVE_UNISTD_H 1
| #define HAVE_FCNTL_H 1
| #define HAVE_SYS_IOCTL_H 1
| #define HAVE_SYS_TIME_H 1
| #define HAVE_UNISTD_H 1
| #define TIME_WITH_SYS_TIME 1
| #define HAVE_STDLIB_H 1
| #define HAVE_UNISTD_H 1
| #define HAVE_GETPAGESIZE 1
| #define RETSIGTYPE void
| #define HAVE_GETTIMEOFDAY 1
| #define HAVE_MKDIR 1
| #define HAVE_SNPRINTF 1
| #define HAVE_LIBZ 1
| #define USE_SMPEG 1
| /* end confdefs.h.  */
| #include <X11/Intrinsic.h>
configure:6920: arm-apple-darwin9-gcc -o conftest -g -O2   conftest.c -lXt -lz  >&5
conftest.c:37:27: error: X11/Intrinsic.h: No such file or directory
configure:6926: $? = 1
configure: failed program was:
| /* confdefs.h.  */
| 
| #define PACKAGE_NAME ""
| #define PACKAGE_TARNAME ""
| #define PACKAGE_VERSION ""
| #define PACKAGE_STRING ""
| #define PACKAGE_BUGREPORT ""
| #ifdef __cplusplus
| extern "C" void exit (int);
| #endif
| #define HAVE_DIRENT_H 1
| #define STDC_HEADERS 1
| #define HAVE_SYS_TYPES_H 1
| #define HAVE_SYS_STAT_H 1
| #define HAVE_STDLIB_H 1
| #define HAVE_STRING_H 1
| #define HAVE_MEMORY_H 1
| #define HAVE_STRINGS_H 1
| #define HAVE_INTTYPES_H 1
| #define HAVE_STDINT_H 1
| #define HAVE_UNISTD_H 1
| #define HAVE_FCNTL_H 1
| #define HAVE_SYS_IOCTL_H 1
| #define HAVE_SYS_TIME_H 1
| #define HAVE_UNISTD_H 1
| #define TIME_WITH_SYS_TIME 1
| #define HAVE_STDLIB_H 1
| #define HAVE_UNISTD_H 1
| #define HAVE_GETPAGESIZE 1
| #define RETSIGTYPE void
| #define HAVE_GETTIMEOFDAY 1
| #define HAVE_MKDIR 1
| #define HAVE_SNPRINTF 1
| #define HAVE_LIBZ 1
| #define USE_SMPEG 1
| /* end confdefs.h.  */
| #include <X11/Intrinsic.h>
| int
| main ()
| {
| XtMalloc (0)
|   ;
|   return 0;
| }
configure:6979: result: no
configure:8267: creating ./config.status

## ---------------------- ##
## Running config.status. ##
## ---------------------- ##

This file was extended by config.status, which was
generated by GNU Autoconf 2.59.  Invocation command line was

  CONFIG_FILES    = 
  CONFIG_HEADERS  = 
  CONFIG_LINKS    = 
  CONFIG_COMMANDS = 
  $ ./config.status 

on AUNEYAU-2G335SM

config.status:678: creating Makefile
config.status:678: creating system/Makefile
config.status:678: creating font/Makefile
config.status:678: creating window/Makefile
config.status:678: creating music2/Makefile
config.status:678: creating scn2k/Makefile
config.status:781: creating config.h

## ---------------- ##
## Cache variables. ##
## ---------------- ##

ac_cv_build=i686-pc-cygwin
ac_cv_build_alias=i686-pc-cygwin
ac_cv_c_bigendian=no
ac_cv_c_compiler_gnu=yes
ac_cv_c_const=yes
ac_cv_cxx_compiler_gnu=yes
ac_cv_env_CC_set=
ac_cv_env_CC_value=
ac_cv_env_CFLAGS_set=
ac_cv_env_CFLAGS_value=
ac_cv_env_CPPFLAGS_set=
ac_cv_env_CPPFLAGS_value=
ac_cv_env_CPP_set=
ac_cv_env_CPP_value=
ac_cv_env_CXXFLAGS_set=
ac_cv_env_CXXFLAGS_value=
ac_cv_env_CXX_set=
ac_cv_env_CXX_value=
ac_cv_env_LDFLAGS_set=
ac_cv_env_LDFLAGS_value=
ac_cv_env_build_alias_set=
ac_cv_env_build_alias_value=
ac_cv_env_host_alias_set=set
ac_cv_env_host_alias_value=arm-apple-darwin9
ac_cv_env_target_alias_set=
ac_cv_env_target_alias_value=
ac_cv_exeext=
ac_cv_func_getpagesize=yes
ac_cv_func_gettext=no
ac_cv_func_gettimeofday=yes
ac_cv_func_memcmp_working=no
ac_cv_func_mkdir=yes
ac_cv_func_mmap_fixed_mapped=no
ac_cv_func_snprintf=yes
ac_cv_have_x=have_x=no
ac_cv_header_dirent_dirent_h=yes
ac_cv_header_fcntl_h=yes
ac_cv_header_inttypes_h=yes
ac_cv_header_memory_h=yes
ac_cv_header_stdc=yes
ac_cv_header_stdint_h=yes
ac_cv_header_stdlib_h=yes
ac_cv_header_string_h=yes
ac_cv_header_strings_h=yes
ac_cv_header_sys_ioctl_h=yes
ac_cv_header_sys_stat_h=yes
ac_cv_header_sys_time_h=yes
ac_cv_header_sys_types_h=yes
ac_cv_header_time=yes
ac_cv_header_unistd_h=yes
ac_cv_host=arm-apple-darwin9
ac_cv_host_alias=arm-apple-darwin9
ac_cv_lib_intl_gettext=no
ac_cv_lib_jpeg_jpeg_start_decompress=no
ac_cv_lib_mad_mad_decoder_run=no
ac_cv_lib_ogg_ogg_stream_init=no
ac_cv_lib_png_png_write_end=no
ac_cv_lib_vorbis_vorbis_book_decode=no
ac_cv_lib_vorbisfile_ov_read=no
ac_cv_lib_z_zlibVersion=yes
ac_cv_objext=o
ac_cv_path_FT2_CONFIG=/usr/local/bin/freetype-config
ac_cv_path_SDL_CONFIG=/usr/local/bin/sdl-config
ac_cv_path_SMPEG_CONFIG=/usr/local/bin/smpeg-config
ac_cv_prog_CC=arm-apple-darwin9-gcc
ac_cv_prog_CPP='arm-apple-darwin9-gcc -E'
ac_cv_prog_CXX=arm-apple-darwin9-g++
ac_cv_prog_RANLIB=arm-apple-darwin9-ranlib
ac_cv_prog_cc_g=yes
ac_cv_prog_cc_stdc=
ac_cv_prog_cxx_g=yes
ac_cv_prog_egrep='grep -E'
ac_cv_prog_gcc_traditional=no
ac_cv_prog_make_make_set=yes
ac_cv_search_opendir='none required'
ac_cv_struct_tm=time.h
ac_cv_target=arm-apple-darwin9
ac_cv_target_alias=arm-apple-darwin9
ac_cv_type_signal=void
ac_cv_type_size_t=yes

## ----------------- ##
## Output variables. ##
## ----------------- ##

CC='arm-apple-darwin9-gcc'
CFLAGS='-g -O2'
CPP='arm-apple-darwin9-gcc -E'
CPPFLAGS=''
CXX='arm-apple-darwin9-g++'
CXXFLAGS='-g -O2'
DEFS='-DHAVE_CONFIG_H'
ECHO_C=''
ECHO_N='-n'
ECHO_T=''
EGREP='grep -E'
EXEEXT=''
FT2_CFLAGS='-I/usr/local/include/freetype2 -I/usr/local/include'
FT2_CONFIG='/usr/local/bin/freetype-config'
FT2_LIBS='-L/usr/local/lib -lfreetype -lz'
LDFLAGS=''
LIBOBJS=' memcmp$U.o'
LIBS='-lz   -lX11 -lXext -L/usr/X11R6/lib'
LN_S='ln -s'
LTLIBOBJS=' memcmp$U.lo'
OBJEXT='o'
PACKAGE_BUGREPORT=''
PACKAGE_NAME=''
PACKAGE_STRING=''
PACKAGE_TARNAME=''
PACKAGE_VERSION=''
PATH_SEPARATOR=':'
RANLIB='arm-apple-darwin9-ranlib'
SDL_CFLAGS='-I/usr/local/include/SDL -D_GNU_SOURCE=1 -D_THREAD_SAFE'
SDL_CONFIG='/usr/local/bin/sdl-config'
SDL_LIBS='-L/usr/local/lib -lSDL -lSDLmain -lobjc -framework CoreFoundation -framework UIKit -framework CoreGraphics -framework CoreSurface -framework GraphicsServices -framework CoreAudio -framework AudioToolbox'
SET_MAKE=''
SHELL='/bin/sh'
SMPEG_CFLAGS='-I/usr/local/include -I/usr/local/include/smpeg -I/usr/local/include/SDL -D_GNU_SOURCE=1 -D_THREAD_SAFE'
SMPEG_CONFIG='/usr/local/bin/smpeg-config'
SMPEG_LIBS='-L/usr/local/lib -lsmpeg -L/usr/local/lib -lSDL -lSDLmain -lobjc -framework CoreFoundation -framework UIKit -framework CoreGraphics -framework CoreSurface -framework GraphicsServices -framework CoreAudio -framework AudioToolbox'
X_CFLAGS=''
X_EXTRA_LIBS=''
X_LIBS=' -lX11 -lXext -L/usr/X11R6/lib'
X_PRE_LIBS=''
ac_ct_CC=''
ac_ct_CXX=''
ac_ct_RANLIB=''
bindir='${exec_prefix}/bin'
build='i686-pc-cygwin'
build_alias=''
build_cpu='i686'
build_os='cygwin'
build_vendor='pc'
datadir='${prefix}/share'
exec_prefix='${prefix}'
host='arm-apple-darwin9'
host_alias='arm-apple-darwin9'
host_cpu='arm'
host_os='darwin9'
host_vendor='apple'
includedir='${prefix}/include'
infodir='${prefix}/info'
libdir='${exec_prefix}/lib'
libexecdir='${exec_prefix}/libexec'
localstatedir='${prefix}/var'
mandir='${prefix}/man'
oldincludedir='/usr/include'
prefix='/usr/local'
program_transform_name='s,x,x,'
sbindir='${exec_prefix}/sbin'
sharedstatedir='${prefix}/com'
sysconfdir='${prefix}/etc'
target='arm-apple-darwin9'
target_alias=''
target_cpu='arm'
target_os='darwin9'
target_vendor='apple'

## ----------- ##
## confdefs.h. ##
## ----------- ##

#define DISPSIZE "424x318"
#define HAVE_DIRENT_H 1
#define HAVE_FCNTL_H 1
#define HAVE_GETPAGESIZE 1
#define HAVE_GETTIMEOFDAY 1
#define HAVE_INTTYPES_H 1
#define HAVE_LIBZ 1
#define HAVE_MEMORY_H 1
#define HAVE_MKDIR 1
#define HAVE_SNPRINTF 1
#define HAVE_STDINT_H 1
#define HAVE_STDLIB_H 1
#define HAVE_STDLIB_H 1
#define HAVE_STRINGS_H 1
#define HAVE_STRING_H 1
#define HAVE_SYS_IOCTL_H 1
#define HAVE_SYS_STAT_H 1
#define HAVE_SYS_TIME_H 1
#define HAVE_SYS_TYPES_H 1
#define HAVE_UNISTD_H 1
#define HAVE_UNISTD_H 1
#define HAVE_UNISTD_H 1
#define PACKAGE_BUGREPORT ""
#define PACKAGE_NAME ""
#define PACKAGE_STRING ""
#define PACKAGE_TARNAME ""
#define PACKAGE_VERSION ""
#define RETSIGTYPE void
#define STDC_HEADERS 1
#define TIME_WITH_SYS_TIME 1
#define USE_SMPEG 1
#define USE_X11 1
#define X_DISPLAY_MISSING 1
#endif
#ifdef __cplusplus
extern "C" void exit (int);

configure: exit 0
